0 info it worked if it ends with ok
1 verbose cli [ 'node',
1 verbose cli   '/usr/local/bin/npm',
1 verbose cli   'run-script',
1 verbose cli   '-g',
1 verbose cli   'autosave',
1 verbose cli   'autostart' ]
2 info using npm@2.11.2
3 info using node@v0.12.6
4 verbose stack Error: ENOENT, open '/Users/macmini02/Documents/khoi/workspace-js/anhkhoi.github.io/package.json'
4 verbose stack     at Error (native)
5 verbose cwd /Users/macmini02/Documents/khoi/workspace-js/anhkhoi.github.io
6 error Darwin 14.4.0
7 error argv "node" "/usr/local/bin/npm" "run-script" "-g" "autosave" "autostart"
8 error node v0.12.6
9 error npm  v2.11.2
10 error path /Users/macmini02/Documents/khoi/workspace-js/anhkhoi.github.io/package.json
11 error code ENOENT
12 error errno -2
13 error enoent ENOENT, open '/Users/macmini02/Documents/khoi/workspace-js/anhkhoi.github.io/package.json'
13 error enoent This is most likely not a problem with npm itself
13 error enoent and is related to npm not being able to find a file.
14 verbose exit [ -2, true ]
